<?xml version="1.0" encoding="UTF-8"?>
<testng-results skipped="0" failed="0" ignored="0" total="1" passed="1">
  <reporter-output>
  </reporter-output>
  <suite name="Suite" duration-ms="29777" started-at="2018-10-24T10:55:32Z" finished-at="2018-10-24T10:56:02Z">
    <groups>
    </groups>
    <test name="Test" duration-ms="29777" started-at="2018-10-24T10:55:32Z" finished-at="2018-10-24T10:56:02Z">
      <class name="script.test1">
        <test-method status="PASS" signature="beforeClass()[pri:0, instance:script.test1@604ed9f0]" name="beforeClass" is-config="true" duration-ms="4250" started-at="2018-10-24T10:55:32Z" finished-at="2018-10-24T10:55:37Z">
          <reporter-output>
          </reporter-output>
        </test-method> <!-- beforeClass -->
        <test-method status="PASS" signature="testlogin_out()[pri:0, instance:script.test1@604ed9f0]" name="testlogin_out" duration-ms="24753" started-at="2018-10-24T10:55:37Z" finished-at="2018-10-24T10:56:01Z">
          <reporter-output>
          </reporter-output>
        </test-method> <!-- testlogin_out -->
        <test-method status="PASS" signature="afterClass()[pri:0, instance:script.test1@604ed9f0]" name="afterClass" is-config="true" duration-ms="753" started-at="2018-10-24T10:56:01Z" finished-at="2018-10-24T10:56:02Z">
          <reporter-output>
          </reporter-output>
        </test-method> <!-- afterClass -->
      </class> <!-- script.test1 -->
    </test> <!-- Test -->
  </suite> <!-- Suite -->
</testng-results>
